<?xml version="1.0" encoding="UTF-8"?>
<testng-results skipped="0" failed="2" ignored="1" total="7" passed="4">
  <reporter-output>
    <line>
      <![CDATA[Click to see Screenshot]]>
    </line>
    <line>
      <![CDATA[<a target="_blank" href=Wed_Oct_23_14_43_50_IST_2019.jpg>Screenshot</a>]]>
    </line>
    <line>
      <![CDATA[<br>]]>
    </line>
    <line>
      <![CDATA[<br>]]>
    </line>
    <line>
      <![CDATA[<a target="_blank" href=Wed_Oct_23_14_43_50_IST_2019.jpg><img src=Wed_Oct_23_14_43_50_IST_2019.jpg height=400 width=800></img></a>]]>
    </line>
    <line>
      <![CDATA[Click to see Screenshot]]>
    </line>
    <line>
      <![CDATA[<a target="_blank" href=Wed_Oct_23_14_44_19_IST_2019.jpg>Screenshot</a>]]>
    </line>
    <line>
      <![CDATA[<br>]]>
    </line>
    <line>
      <![CDATA[<br>]]>
    </line>
    <line>
      <![CDATA[<a target="_blank" href=Wed_Oct_23_14_44_19_IST_2019.jpg><img src=Wed_Oct_23_14_44_19_IST_2019.jpg height=400 width=800></img></a>]]>
    </line>
  </reporter-output>
  <suite name="EFFS Login" duration-ms="87723" started-at="2019-10-23T14:42:52 IST" finished-at="2019-10-23T14:44:19 IST">
    <groups>
    </groups>
    <test name="Login" duration-ms="87723" started-at="2019-10-23T14:42:52 IST" finished-at="2019-10-23T14:44:19 IST">
      <class name="testcases.KnoxLoginTest">
        <test-method status="PASS" signature="fn_KnoxIDTest(java.lang.String, java.lang.String, java.lang.String)[pri:0, instance:testcases.KnoxLoginTest@36b4fe2a]" name="fn_KnoxIDTest" duration-ms="25678" started-at="2019-10-23T14:43:12 IST" data-provider="getData" finished-at="2019-10-23T14:43:38 IST">
          <params>
            <param index="0">
              <value>
                <![CDATA[Mobiletestuser02@samsung.com]]>
              </value>
            </param>
            <param index="1">
              <value>
                <![CDATA[111]]>
              </value>
            </param>
            <param index="2">
              <value>
                <![CDATA[Invalid password. Account will lock after 10 invalid attempts.]]>
              </value>
            </param>
          </params>
          <reporter-output>
          </reporter-output>
        </test-method> <!-- fn_KnoxIDTest -->
        <test-method status="PASS" signature="fn_KnoxIDTest(java.lang.String, java.lang.String, java.lang.String)[pri:0, instance:testcases.KnoxLoginTest@36b4fe2a]" name="fn_KnoxIDTest" duration-ms="7617" started-at="2019-10-23T14:43:38 IST" data-provider="getData" finished-at="2019-10-23T14:43:45 IST">
          <params>
            <param index="0">
              <value>
                <![CDATA[uiuiui]]>
              </value>
            </param>
            <param index="1">
              <value>
                <![CDATA[]]>
              </value>
            </param>
            <param index="2">
              <value>
                <![CDATA[Id does not exist.]]>
              </value>
            </param>
          </params>
          <reporter-output>
          </reporter-output>
        </test-method> <!-- fn_KnoxIDTest -->
        <test-method status="FAIL" signature="fn_KnoxIDTest(java.lang.String, java.lang.String, java.lang.String)[pri:0, instance:testcases.KnoxLoginTest@36b4fe2a]" name="fn_KnoxIDTest" duration-ms="4847" started-at="2019-10-23T14:43:45 IST" data-provider="getData" finished-at="2019-10-23T14:43:50 IST">
          <params>
            <param index="0">
              <value>
                <![CDATA[]]>
              </value>
            </param>
            <param index="1">
              <value>
                <![CDATA[]]>
              </value>
            </param>
            <param index="2">
              <value>
                <![CDATA[Enter your id firs]]>
              </value>
            </param>
          </params>
          <exception class="java.lang.AssertionError">
            <message>
              <![CDATA[Employee ID Is Not Correct expected [Enter your id firs] but found [Enter your id first.]]]>
            </message>
            <full-stacktrace>
              <![CDATA[java.lang.AssertionError: Employee ID Is Not Correct expected [Enter your id firs] but found [Enter your id first.]
at org.testng.Assert.fail(Assert.java:97)
at org.testng.Assert.assertEqualsImpl(Assert.java:136)
at org.testng.Assert.assertEquals(Assert.java:118)
at org.testng.Assert.assertEquals(Assert.java:575)
at testcases.KnoxLoginTest.fn_KnoxIDTest(KnoxLoginTest.java:22)
at sun.reflect.NativeMethodAccessorImpl.invoke0(Native Method)
at sun.reflect.NativeMethodAccessorImpl.invoke(NativeMethodAccessorImpl.java:62)
at sun.reflect.DelegatingMethodAccessorImpl.invoke(DelegatingMethodAccessorImpl.java:43)
at java.lang.reflect.Method.invoke(Method.java:498)
at org.testng.internal.MethodInvocationHelper.invokeMethod(MethodInvocationHelper.java:133)
at org.testng.internal.TestInvoker.invokeMethod(TestInvoker.java:584)
at org.testng.internal.TestInvoker.invokeTestMethod(TestInvoker.java:172)
at org.testng.internal.MethodRunner.runInSequence(MethodRunner.java:46)
at org.testng.internal.TestInvoker$MethodInvocationAgent.invoke(TestInvoker.java:804)
at org.testng.internal.TestInvoker.invokeTestMethods(TestInvoker.java:145)
at org.testng.internal.TestMethodWorker.invokeTestMethods(TestMethodWorker.java:146)
at org.testng.internal.TestMethodWorker.run(TestMethodWorker.java:128)
at java.util.ArrayList.forEach(ArrayList.java:1257)
at org.testng.TestRunner.privateRun(TestRunner.java:770)
at org.testng.TestRunner.run(TestRunner.java:591)
at org.testng.SuiteRunner.runTest(SuiteRunner.java:402)
at org.testng.SuiteRunner.runSequentially(SuiteRunner.java:396)
at org.testng.SuiteRunner.privateRun(SuiteRunner.java:355)
at org.testng.SuiteRunner.run(SuiteRunner.java:304)
at org.testng.SuiteRunnerWorker.runSuite(SuiteRunnerWorker.java:53)
at org.testng.SuiteRunnerWorker.run(SuiteRunnerWorker.java:96)
at org.testng.TestNG.runSuitesSequentially(TestNG.java:1180)
at org.testng.TestNG.runSuitesLocally(TestNG.java:1102)
at org.testng.TestNG.runSuites(TestNG.java:1032)
at org.testng.TestNG.run(TestNG.java:1000)
at org.apache.maven.surefire.testng.TestNGExecutor.run(TestNGExecutor.java:295)
at org.apache.maven.surefire.testng.TestNGXmlTestSuite.execute(TestNGXmlTestSuite.java:84)
at org.apache.maven.surefire.testng.TestNGProvider.invoke(TestNGProvider.java:90)
at org.apache.maven.surefire.booter.ForkedBooter.invokeProviderInSameClassLoader(ForkedBooter.java:203)
at org.apache.maven.surefire.booter.ForkedBooter.runSuitesInProcess(ForkedBooter.java:155)
at org.apache.maven.surefire.booter.ForkedBooter.main(ForkedBooter.java:103)
]]>
            </full-stacktrace>
          </exception> <!-- java.lang.AssertionError -->
          <reporter-output>
            <line>
              <![CDATA[Click to see Screenshot]]>
            </line>
            <line>
              <![CDATA[<a target="_blank" href=Wed_Oct_23_14_43_50_IST_2019.jpg>Screenshot</a>]]>
            </line>
            <line>
              <![CDATA[<br>]]>
            </line>
            <line>
              <![CDATA[<br>]]>
            </line>
            <line>
              <![CDATA[<a target="_blank" href=Wed_Oct_23_14_43_50_IST_2019.jpg><img src=Wed_Oct_23_14_43_50_IST_2019.jpg height=400 width=800></img></a>]]>
            </line>
          </reporter-output>
        </test-method> <!-- fn_KnoxIDTest -->
        <test-method status="PASS" signature="fn_KnoxIDTest(java.lang.String, java.lang.String, java.lang.String)[pri:0, instance:testcases.KnoxLoginTest@36b4fe2a]" name="fn_KnoxIDTest" duration-ms="6653" started-at="2019-10-23T14:43:51 IST" data-provider="getData" finished-at="2019-10-23T14:43:58 IST">
          <params>
            <param index="0">
              <value>
                <![CDATA[ioiioioio]]>
              </value>
            </param>
            <param index="1">
              <value>
                <![CDATA[]]>
              </value>
            </param>
            <param index="2">
              <value>
                <![CDATA[Id does not exist.]]>
              </value>
            </param>
          </params>
          <reporter-output>
          </reporter-output>
        </test-method> <!-- fn_KnoxIDTest -->
        <test-method status="FAIL" signature="fn_KnoxIDTest(java.lang.String, java.lang.String, java.lang.String)[pri:0, instance:testcases.KnoxLoginTest@36b4fe2a]" name="fn_KnoxIDTest" duration-ms="20819" started-at="2019-10-23T14:43:58 IST" data-provider="getData" finished-at="2019-10-23T14:44:19 IST">
          <params>
            <param index="0">
              <value>
                <![CDATA[Mobiletestuser02@samsung.com]]>
              </value>
            </param>
            <param index="1">
              <value>
                <![CDATA[1111]]>
              </value>
            </param>
            <param index="2">
              <value>
                <![CDATA[Screen lock ty]]>
              </value>
            </param>
          </params>
          <exception class="java.lang.AssertionError">
            <message>
              <![CDATA[Employee ID Is Not Correct expected [Screen lock ty] but found [Screen lock type]]]>
            </message>
            <full-stacktrace>
              <![CDATA[java.lang.AssertionError: Employee ID Is Not Correct expected [Screen lock ty] but found [Screen lock type]
at org.testng.Assert.fail(Assert.java:97)
at org.testng.Assert.assertEqualsImpl(Assert.java:136)
at org.testng.Assert.assertEquals(Assert.java:118)
at org.testng.Assert.assertEquals(Assert.java:575)
at testcases.KnoxLoginTest.fn_KnoxIDTest(KnoxLoginTest.java:22)
at sun.reflect.NativeMethodAccessorImpl.invoke0(Native Method)
at sun.reflect.NativeMethodAccessorImpl.invoke(NativeMethodAccessorImpl.java:62)
at sun.reflect.DelegatingMethodAccessorImpl.invoke(DelegatingMethodAccessorImpl.java:43)
at java.lang.reflect.Method.invoke(Method.java:498)
at org.testng.internal.MethodInvocationHelper.invokeMethod(MethodInvocationHelper.java:133)
at org.testng.internal.TestInvoker.invokeMethod(TestInvoker.java:584)
at org.testng.internal.TestInvoker.invokeTestMethod(TestInvoker.java:172)
at org.testng.internal.MethodRunner.runInSequence(MethodRunner.java:46)
at org.testng.internal.TestInvoker$MethodInvocationAgent.invoke(TestInvoker.java:804)
at org.testng.internal.TestInvoker.invokeTestMethods(TestInvoker.java:145)
at org.testng.internal.TestMethodWorker.invokeTestMethods(TestMethodWorker.java:146)
at org.testng.internal.TestMethodWorker.run(TestMethodWorker.java:128)
at java.util.ArrayList.forEach(ArrayList.java:1257)
at org.testng.TestRunner.privateRun(TestRunner.java:770)
at org.testng.TestRunner.run(TestRunner.java:591)
at org.testng.SuiteRunner.runTest(SuiteRunner.java:402)
at org.testng.SuiteRunner.runSequentially(SuiteRunner.java:396)
at org.testng.SuiteRunner.privateRun(SuiteRunner.java:355)
at org.testng.SuiteRunner.run(SuiteRunner.java:304)
at org.testng.SuiteRunnerWorker.runSuite(SuiteRunnerWorker.java:53)
at org.testng.SuiteRunnerWorker.run(SuiteRunnerWorker.java:96)
at org.testng.TestNG.runSuitesSequentially(TestNG.java:1180)
at org.testng.TestNG.runSuitesLocally(TestNG.java:1102)
at org.testng.TestNG.runSuites(TestNG.java:1032)
at org.testng.TestNG.run(TestNG.java:1000)
at org.apache.maven.surefire.testng.TestNGExecutor.run(TestNGExecutor.java:295)
at org.apache.maven.surefire.testng.TestNGXmlTestSuite.execute(TestNGXmlTestSuite.java:84)
at org.apache.maven.surefire.testng.TestNGProvider.invoke(TestNGProvider.java:90)
at org.apache.maven.surefire.booter.ForkedBooter.invokeProviderInSameClassLoader(ForkedBooter.java:203)
at org.apache.maven.surefire.booter.ForkedBooter.runSuitesInProcess(ForkedBooter.java:155)
at org.apache.maven.surefire.booter.ForkedBooter.main(ForkedBooter.java:103)
]]>
            </full-stacktrace>
          </exception> <!-- java.lang.AssertionError -->
          <reporter-output>
            <line>
              <![CDATA[Click to see Screenshot]]>
            </line>
            <line>
              <![CDATA[<a target="_blank" href=Wed_Oct_23_14_44_19_IST_2019.jpg>Screenshot</a>]]>
            </line>
            <line>
              <![CDATA[<br>]]>
            </line>
            <line>
              <![CDATA[<br>]]>
            </line>
            <line>
              <![CDATA[<a target="_blank" href=Wed_Oct_23_14_44_19_IST_2019.jpg><img src=Wed_Oct_23_14_44_19_IST_2019.jpg height=400 width=800></img></a>]]>
            </line>
          </reporter-output>
        </test-method> <!-- fn_KnoxIDTest -->
      </class> <!-- testcases.KnoxLoginTest -->
      <class name="testcases.AppPermissionTest">
        <test-method status="PASS" signature="StartDriver()[pri:0, instance:testcases.AppPermissionTest@757acd7b]" name="StartDriver" is-config="true" duration-ms="16928" started-at="2019-10-23T14:42:52 IST" finished-at="2019-10-23T14:43:08 IST">
          <reporter-output>
          </reporter-output>
        </test-method> <!-- StartDriver -->
        <test-method status="PASS" signature="fn_Permissiontest()[pri:0, instance:testcases.AppPermissionTest@757acd7b]" name="fn_Permissiontest" duration-ms="3336" started-at="2019-10-23T14:43:08 IST" finished-at="2019-10-23T14:43:12 IST">
          <reporter-output>
          </reporter-output>
        </test-method> <!-- fn_Permissiontest -->
      </class> <!-- testcases.AppPermissionTest -->
    </test> <!-- Login -->
  </suite> <!-- EFFS Login -->
</testng-results>
